g:\fall2021\game308\componentframework21.2.1 vulkan\componentframework\debug\vc142.pdb
g:\fall2021\game308\componentframework21.2.1 vulkan\componentframework\debug\vc142.idb
g:\fall2021\game308\componentframework21.2.1 vulkan\componentframework\debug\vulkanrenderer.obj
g:\fall2021\game308\componentframework21.2.1 vulkan\componentframework\debug\vmath.obj
g:\fall2021\game308\componentframework21.2.1 vulkan\componentframework\debug\timer.obj
g:\fall2021\game308\componentframework21.2.1 vulkan\componentframework\debug\scene0.obj
g:\fall2021\game308\componentframework21.2.1 vulkan\componentframework\debug\mmath.obj
g:\fall2021\game308\componentframework21.2.1 vulkan\componentframework\debug\main.obj
g:\fall2021\game308\componentframework21.2.1 vulkan\componentframework\debug\scenemanager.obj
g:\fall2021\game308\componentframework21.2.1 vulkan\componentframework\debug\openglrenderer.obj
g:\fall2021\game308\componentframework21.2.1 vulkan\componentframework\debug\hash.obj
g:\fall2021\game308\componentframework21.2.1 vulkan\componentframework\debug\debug.obj
g:\fall2021\game308\componentframework21.2.1 vulkan\componentframework\debug\camera.obj
g:\fall2021\game308\componentframework21.2.1 vulkan\debug\componentframework.exe
g:\fall2021\game308\componentframework21.2.1 vulkan\componentframework\debug\componentframework.ilk
g:\fall2021\game308\componentframework21.2.1 vulkan\debug\componentframework.pdb
g:\fall2021\game308\componentframework21.2.1 vulkan\componentframework\debug\componen.614c2865.tlog\cl.command.1.tlog
g:\fall2021\game308\componentframework21.2.1 vulkan\componentframework\debug\componen.614c2865.tlog\cl.read.1.tlog
g:\fall2021\game308\componentframework21.2.1 vulkan\componentframework\debug\componen.614c2865.tlog\cl.write.1.tlog
g:\fall2021\game308\componentframework21.2.1 vulkan\componentframework\debug\componen.614c2865.tlog\link.command.1.tlog
g:\fall2021\game308\componentframework21.2.1 vulkan\componentframework\debug\componen.614c2865.tlog\link.read.1.tlog
g:\fall2021\game308\componentframework21.2.1 vulkan\componentframework\debug\componen.614c2865.tlog\link.write.1.tlog
